
> teaching-mgt-server@0.0.0 start /root/DatabaseCourseDesign/web/teaching-mgt-server
> node ./bin/www

[0mPOST /login [32m200 [0m13.020 ms - -[0m
[0mPOST /getuserinfo [32m200 [0m2.403 ms - -[0m
[0mPOST /login [32m200 [0m2.196 ms - -[0m
[0mPOST /login [32m200 [0m1.499 ms - -[0m
[0mPOST /getuserinfo [32m200 [0m2.924 ms - -[0m
[0mPOST /login [32m200 [0m1.646 ms - -[0m
[0mPOST /getuserinfo [32m200 [0m1.557 ms - -[0m
[0mPOST /getstucourse [32m200 [0m2.579 ms - -[0m
[0mPOST /getoptioncourse [32m200 [0m2.046 ms - -[0m
[0mPOST /addstucourse [32m200 [0m4.444 ms - -[0m
[0mPOST /getstucourse [32m200 [0m1.672 ms - -[0m
[0mPOST /getstudentsinfo [32m200 [0m1.286 ms - -[0m
[0mPOST /getstucourse [32m200 [0m2.128 ms - -[0m
[0mPOST /getoptioncourse [32m200 [0m2.187 ms - -[0m
[0mPOST /getstucourse [32m200 [0m1.794 ms - -[0m
[0mPOST /getstucourse [32m200 [0m1.838 ms - -[0m
[0mPOST /getstucourse [32m200 [0m1.688 ms - -[0m
[0mPOST /getstucourse [32m200 [0m1.646 ms - -[0m
[0mPOST /getstucourse [32m200 [0m1.748 ms - -[0m
[0mPOST /getstudentsinfo [32m200 [0m0.993 ms - -[0m
[0mPOST /login [32m200 [0m1.523 ms - -[0m
[0mPOST /login [32m200 [0m1.374 ms - -[0m
[0mPOST /resetpass [32m200 [0m5.573 ms - -[0m
[0mPOST /login [32m200 [0m1.270 ms - -[0m
[0mPOST /getuserinfo [32m200 [0m1.629 ms - -[0m
[0mPOST /getstudentsinfo [32m200 [0m2.148 ms - -[0m
[0mPOST /getdepartmentinfo [32m200 [0m2.345 ms - -[0m
[0mPOST /getclassinfo [32m200 [0m1.045 ms - -[0m
[0mPOST /getstucourse [32m200 [0m2.060 ms - -[0m
[0mPOST /getstudentsinfo [32m200 [0m2.183 ms - -[0m
[0mPOST /getteachcourse [32m200 [0m2.335 ms - -[0m
[0mPOST /getstucourse [32m200 [0m1.667 ms - -[0m
[0mPOST /getstudentsinfo [32m200 [0m1.120 ms - -[0m
[0mPOST /addstuscore [32m200 [0m11.657 ms - -[0m
[0mPOST /getstucourse [32m200 [0m1.579 ms - -[0m
[0mPOST /getstucourse [32m200 [0m1.786 ms - -[0m
[0mPOST /getstucourse [32m200 [0m1.698 ms - -[0m
[0mPOST /getstucourse [32m200 [0m2.064 ms - -[0m
[0mPOST /login [32m200 [0m1.883 ms - -[0m
[0mPOST /resetpass [32m200 [0m3.944 ms - -[0m
[0mPOST /login [32m200 [0m1.286 ms - -[0m
[0mPOST /getuserinfo [32m200 [0m1.633 ms - -[0m
[0mPOST /getcourse [32m200 [0m2.508 ms - -[0m
[0mPOST /getteachersinfo [32m200 [0m1.890 ms - -[0m
[0mPOST /addnewcourse [32m200 [0m3.848 ms - -[0m
[0mPOST /getcourse [32m200 [0m1.375 ms - -[0m
ER_DUP_ENTRY: Duplicate entry '7700001' for key 'PRIMARY'
[0mPOST /getcourse [32m200 [0m1.406 ms - -[0m
[0mPOST /addnewcourse [0m- [0m- ms - -[0m
[0mPOST /login [32m200 [0m1.324 ms - -[0m
[0mPOST /getuserinfo [32m200 [0m1.217 ms - -[0m
[0mPOST /getcourse [32m200 [0m1.160 ms - -[0m
[0mPOST /getteachersinfo [32m200 [0m1.317 ms - -[0m
[0mPOST /addnewcourse [32m200 [0m4.702 ms - -[0m
[0mPOST /getcourse [32m200 [0m1.464 ms - -[0m
[0mPOST /getstucourse [32m200 [0m3.426 ms - -[0m
[0mPOST /getstudentsinfo [32m200 [0m2.449 ms - -[0m
[0mPOST /getteachcourse [32m200 [0m1.919 ms - -[0m
[0mPOST /getteachersinfo [32m200 [0m1.796 ms - -[0m
[0mPOST /getcourse [32m200 [0m1.831 ms - -[0m
[0mPOST /login [32m200 [0m1.240 ms - -[0m
[0mPOST /resetpass [32m200 [0m3.683 ms - -[0m
[0mPOST /login [32m200 [0m1.230 ms - -[0m
[0mPOST /getuserinfo [32m200 [0m1.451 ms - -[0m
[0mPOST /getstucourse [32m200 [0m1.496 ms - -[0m
[0mPOST /getoptioncourse [32m200 [0m2.535 ms - -[0m
[0mPOST /getstucourse [32m200 [0m1.216 ms - -[0m
[0mPOST /getstudentsinfo [32m200 [0m1.452 ms - -[0m
[0mPOST /getstucourse [32m200 [0m1.947 ms - -[0m
[0mPOST /getoptioncourse [32m200 [0m2.088 ms - -[0m
[0mPOST /getstucourse [32m200 [0m1.986 ms - -[0m
[0mPOST /getstudentsinfo [32m200 [0m2.019 ms - -[0m
[0mPOST /login [32m200 [0m1.510 ms - -[0m
[0mPOST /resetpass [32m200 [0m3.865 ms - -[0m
[0mPOST /login [32m200 [0m1.414 ms - -[0m
[0mPOST /getuserinfo [32m200 [0m1.355 ms - -[0m
[0mPOST /getstudentsinfo [32m200 [0m1.517 ms - -[0m
[0mPOST /getdepartmentinfo [32m200 [0m1.671 ms - -[0m
[0mPOST /getclassinfo [32m200 [0m1.685 ms - -[0m
[0mPOST /getstudentsinfo [32m200 [0m1.278 ms - -[0m
[0mPOST /getstucourse [32m200 [0m1.350 ms - -[0m
[0mPOST /getteachcourse [32m200 [0m1.336 ms - -[0m
[0mPOST /getstucourse [32m200 [0m1.225 ms - -[0m
[0mPOST /getstudentsinfo [32m200 [0m1.395 ms - -[0m
[0mPOST /getstudentsinfo [32m200 [0m2.363 ms - -[0m
[0mPOST /getclassinfo [32m200 [0m1.847 ms - -[0m
[0mPOST /getdepartmentinfo [32m200 [0m1.800 ms - -[0m
[0mPOST /getstudentsinfo [32m200 [0m1.754 ms - -[0m
[0mPOST /getstucourse [32m200 [0m1.372 ms - -[0m
[0mPOST /getteachcourse [32m200 [0m1.514 ms - -[0m
[0mPOST /getstucourse [32m200 [0m2.125 ms - -[0m
[0mPOST /getstudentsinfo [32m200 [0m2.381 ms - -[0m
[0mPOST /getteachcourse [32m200 [0m1.326 ms - -[0m
[0mPOST /getstucourse [32m200 [0m2.413 ms - -[0m
[0mPOST /getstudentsinfo [32m200 [0m1.294 ms - -[0m
[0mPOST /login [32m200 [0m1.246 ms - -[0m
[0mPOST /getuserinfo [32m200 [0m1.176 ms - -[0m
[0mGET / [33m404 [0m5.844 ms - 1348[0m
NotFoundError: Not Found
    at /root/DatabaseCourseDesign/web/teaching-mgt-server/app.js:57:8
    at Layer.handle [as handle_request] (/root/DatabaseCourseDesign/web/teaching-mgt-server/node_modules/express/lib/router/layer.js:95:5)
    at trim_prefix (/root/DatabaseCourseDesign/web/teaching-mgt-server/node_modules/express/lib/router/index.js:317:13)
    at /root/DatabaseCourseDesign/web/teaching-mgt-server/node_modules/express/lib/router/index.js:284:7
    at Function.process_params (/root/DatabaseCourseDesign/web/teaching-mgt-server/node_modules/express/lib/router/index.js:335:12)
    at next (/root/DatabaseCourseDesign/web/teaching-mgt-server/node_modules/express/lib/router/index.js:275:10)
    at SendStream.error (/root/DatabaseCourseDesign/web/teaching-mgt-server/node_modules/serve-static/index.js:121:7)
    at SendStream.emit (events.js:315:20)
    at SendStream.error (/root/DatabaseCourseDesign/web/teaching-mgt-server/node_modules/send/index.js:270:17)
    at SendStream.onStatError (/root/DatabaseCourseDesign/web/teaching-mgt-server/node_modules/send/index.js:421:12)
[0mPOST /login [32m200 [0m1.197 ms - -[0m
[0mPOST /getuserinfo [32m200 [0m1.413 ms - -[0m
[0mPOST /getcourse [32m200 [0m1.476 ms - -[0m
[0mPOST /getteachersinfo [32m200 [0m1.250 ms - -[0m
[0mPOST /getstucourse [32m200 [0m2.172 ms - -[0m
[0mPOST /getstudentsinfo [32m200 [0m4.418 ms - -[0m
[0mPOST /getteachcourse [32m200 [0m1.239 ms - -[0m
[0mPOST /login [32m200 [0m1.213 ms - -[0m
[0mPOST /getuserinfo [32m200 [0m1.091 ms - -[0m
[0mPOST /login [32m200 [0m1.372 ms - -[0m
[0mPOST /getuserinfo [32m200 [0m1.896 ms - -[0m
[0mPOST /getcourse [32m200 [0m1.142 ms - -[0m
[0mPOST /getteachersinfo [32m200 [0m1.277 ms - -[0m
[0mPOST /getstucourse [32m200 [0m1.235 ms - -[0m
[0mPOST /getstudentsinfo [32m200 [0m0.972 ms - -[0m
[0mPOST /getteachcourse [32m200 [0m1.426 ms - -[0m
[0mPOST /getteachersinfo [32m200 [0m1.921 ms - -[0m
[0mPOST /getcourse [32m200 [0m1.919 ms - -[0m
[0mPOST /getteachersinfo [32m200 [0m1.738 ms - -[0m
[0mPOST /getdepartmentinfo [32m200 [0m1.037 ms - -[0m
[0mPOST /getclassinfo [32m200 [0m0.833 ms - -[0m
[0mPOST /getteachersinfo [32m200 [0m1.341 ms - -[0m
[0mPOST /getdepartmentinfo [32m200 [0m0.749 ms - -[0m
[0mPOST /getdepartmentinfo [32m200 [0m1.667 ms - -[0m
[0mPOST /getteachersinfo [32m200 [0m1.396 ms - -[0m
[0mPOST /getdepartmentinfo [32m200 [0m1.284 ms - -[0m
[0mPOST /getclassinfo [32m200 [0m0.868 ms - -[0m
[0mPOST /getstudentsinfo [32m200 [0m1.447 ms - -[0m
[0mPOST /getdepartmentinfo [32m200 [0m2.184 ms - -[0m
[0mPOST /getteachersinfo [32m200 [0m3.206 ms - -[0m
[0mPOST /getadminsinfo [32m200 [0m1.381 ms - -[0m
[0mPOST /login [32m200 [0m1.638 ms - -[0m
[0mPOST /getuserinfo [32m200 [0m1.360 ms - -[0m
[0mPOST /getclassinfo [32m200 [0m1.369 ms - -[0m
[0mPOST /getdepartmentinfo [32m200 [0m2.172 ms - -[0m
[0mPOST /getteachersinfo [32m200 [0m1.601 ms - -[0m
[0mPOST /getdepartmentinfo [32m200 [0m2.086 ms - -[0m
[0mPOST /getteachersinfo [32m200 [0m2.023 ms - -[0m
[0mPOST /getdepartmentinfo [32m200 [0m2.034 ms - -[0m
[0mPOST /getclassinfo [32m200 [0m2.047 ms - -[0m
[0mPOST /getteachersinfo [32m200 [0m2.322 ms - -[0m
[0mPOST /login [32m200 [0m1.218 ms - -[0m
[0mPOST /login [32m200 [0m1.257 ms - -[0m
[0mPOST /login [32m200 [0m1.193 ms - -[0m
[0mPOST /getuserinfo [32m200 [0m1.397 ms - -[0m
[0mPOST /getadminsinfo [32m200 [0m1.130 ms - -[0m
[0mPOST /getteachersinfo [32m200 [0m1.618 ms - -[0m
[0mPOST /getdepartmentinfo [32m200 [0m1.675 ms - -[0m
[0mPOST /getstudentsinfo [32m200 [0m1.256 ms - -[0m
[0mPOST /getclassinfo [32m200 [0m3.098 ms - -[0m
[0mPOST /getdepartmentinfo [32m200 [0m2.862 ms - -[0m
[0mPOST /getcourse [32m200 [0m1.148 ms - -[0m
[0mPOST /getteachersinfo [32m200 [0m0.896 ms - -[0m
[0mPOST /getstudentsinfo [32m200 [0m1.303 ms - -[0m
[0mPOST /getstucourse [32m200 [0m1.019 ms - -[0m
[0mPOST /getcourse [32m200 [0m5.271 ms - -[0m
[0mPOST /getteachersinfo [32m200 [0m0.976 ms - -[0m
[0mPOST /getclassinfo [32m200 [0m1.180 ms - -[0m
[0mPOST /getteachersinfo [32m200 [0m1.745 ms - -[0m
[0mPOST /getdepartmentinfo [32m200 [0m1.724 ms - -[0m
[0mPOST /login [32m200 [0m1.633 ms - -[0m
[0mPOST /getuserinfo [32m200 [0m3.290 ms - -[0m
[0mPOST /getstucourse [32m200 [0m1.178 ms - -[0m
[0mPOST /getoptioncourse [32m200 [0m1.206 ms - -[0m
[0mPOST /getstucourse [32m200 [0m1.244 ms - -[0m
[0mPOST /getstudentsinfo [32m200 [0m0.895 ms - -[0m
[0mPOST /getstucourse [32m200 [0m1.269 ms - -[0m
[0mPOST /getoptioncourse [32m200 [0m1.292 ms - -[0m
[0mPOST /addstucourse [32m200 [0m3.387 ms - -[0m
[0mPOST /getstucourse [32m200 [0m1.341 ms - -[0m
[0mPOST /getstucourse [32m200 [0m1.435 ms - -[0m
[0mPOST /getstudentsinfo [32m200 [0m1.331 ms - -[0m
[0mPOST /login [32m200 [0m1.234 ms - -[0m
[0mPOST /getuserinfo [32m200 [0m1.268 ms - -[0m
[0mPOST /getcourse [32m200 [0m1.131 ms - -[0m
[0mPOST /getteachersinfo [32m200 [0m7.569 ms - -[0m
[0mPOST /getstucourse [32m200 [0m1.327 ms - -[0m
[0mPOST /getstudentsinfo [32m200 [0m2.866 ms - -[0m
[0mPOST /getteachcourse [32m200 [0m1.413 ms - -[0m
[0mPOST /getteachersinfo [32m200 [0m2.040 ms - -[0m
[0mPOST /getcourse [32m200 [0m1.814 ms - -[0m
[0mPOST /getteachersinfo [32m200 [0m1.222 ms - -[0m
[0mPOST /getdepartmentinfo [32m200 [0m0.673 ms - -[0m
[0mPOST /getteachersinfo [32m200 [0m1.693 ms - -[0m
[0mPOST /getdepartmentinfo [32m200 [0m1.730 ms - -[0m
[0mPOST /getstudentsinfo [32m200 [0m1.938 ms - -[0m
[0mPOST /getdepartmentinfo [32m200 [0m1.672 ms - -[0m
[0mPOST /getclassinfo [32m200 [0m1.358 ms - -[0m
[0mPOST /getdepartmentinfo [32m200 [0m1.553 ms - -[0m
[0mPOST /getteachersinfo [32m200 [0m1.207 ms - -[0m
[0mPOST /getteachersinfo [32m200 [0m1.938 ms - -[0m
[0mPOST /getcourse [32m200 [0m1.162 ms - -[0m
[0mPOST /getstudentsinfo [32m200 [0m1.531 ms - -[0m
[0mPOST /getstucourse [32m200 [0m1.668 ms - -[0m
[0mPOST /getteachcourse [32m200 [0m1.327 ms - -[0m
[0mPOST /getstudentsinfo [32m200 [0m1.859 ms - -[0m
[0mPOST /getstucourse [32m200 [0m1.988 ms - -[0m
[0mPOST /getcourse [32m200 [0m1.258 ms - -[0m
[0mPOST /getteachersinfo [32m200 [0m1.544 ms - -[0m
[0mPOST /getteachcourse [32m200 [0m1.428 ms - -[0m
[0mPOST /getstucourse [32m200 [0m1.294 ms - -[0m
[0mPOST /getstudentsinfo [32m200 [0m1.043 ms - -[0m
[0mPOST /login [32m200 [0m1.371 ms - -[0m
[0mPOST /login [32m200 [0m1.255 ms - -[0m
[0mPOST /login [32m200 [0m1.287 ms - -[0m
[0mPOST /login [32m200 [0m1.235 ms - -[0m
[0mPOST /login [32m200 [0m1.213 ms - -[0m
[0mPOST /login [32m200 [0m1.361 ms - -[0m
[0mPOST /getuserinfo [32m200 [0m1.225 ms - -[0m
[0mPOST /getadminsinfo [32m200 [0m1.254 ms - -[0m
[0mPOST /getstudentsinfo [32m200 [0m1.281 ms - -[0m
[0mPOST /getdepartmentinfo [32m200 [0m1.725 ms - -[0m
[0mPOST /getclassinfo [32m200 [0m1.814 ms - -[0m
[0mPOST /getadminsinfo [32m200 [0m1.061 ms - -[0m
[0mPOST /getteachersinfo [32m200 [0m1.596 ms - -[0m
[0mPOST /getcourse [32m200 [0m1.654 ms - -[0m
[0mPOST /getstudentsinfo [32m200 [0m1.383 ms - -[0m
[0mPOST /getstucourse [32m200 [0m1.138 ms - -[0m
[0mPOST /getteachcourse [32m200 [0m1.401 ms - -[0m
[0mPOST /getstudentsinfo [32m200 [0m1.685 ms - -[0m
[0mPOST /getstucourse [32m200 [0m1.847 ms - -[0m
[0mPOST /login [32m200 [0m1.296 ms - -[0m
[0mPOST /getuserinfo [32m200 [0m1.317 ms - -[0m
[0mPOST /getstucourse [32m200 [0m1.270 ms - -[0m
[0mPOST /getoptioncourse [32m200 [0m1.773 ms - -[0m
[0mPOST /getstucourse [32m200 [0m1.754 ms - -[0m
[0mPOST /getstudentsinfo [32m200 [0m1.151 ms - -[0m
[0mPOST /getstucourse [32m200 [0m1.773 ms - -[0m
[0mPOST /getoptioncourse [32m200 [0m3.706 ms - -[0m
[0mPOST /getstudentsinfo [32m200 [0m1.629 ms - -[0m
[0mPOST /getstucourse [32m200 [0m1.705 ms - -[0m
[0mPOST /login [32m200 [0m1.277 ms - -[0m
[0mPOST /getuserinfo [32m200 [0m1.201 ms - -[0m
[0mPOST /getcourse [32m200 [0m1.186 ms - -[0m
[0mPOST /getteachersinfo [32m200 [0m1.190 ms - -[0m
[0mPOST /getstucourse [32m200 [0m1.383 ms - -[0m
[0mPOST /getstudentsinfo [32m200 [0m0.937 ms - -[0m
[0mPOST /getteachcourse [32m200 [0m1.393 ms - -[0m
[0mPOST /getcourse [32m200 [0m1.125 ms - -[0m
[0mPOST /getteachersinfo [32m200 [0m1.162 ms - -[0m
[0mPOST /login [32m200 [0m1.271 ms - -[0m
[0mPOST /getuserinfo [32m200 [0m1.373 ms - -[0m
[0mPOST /login [32m200 [0m1.703 ms - -[0m
[0mPOST /resetpass [32m200 [0m4.033 ms - -[0m
[0mPOST /login [32m200 [0m1.232 ms - -[0m
[0mPOST /getuserinfo [32m200 [0m2.098 ms - -[0m
[0mPOST /getadminsinfo [32m200 [0m1.143 ms - -[0m
[0mPOST /getteachersinfo [32m200 [0m1.793 ms - -[0m
[0mPOST /getdepartmentinfo [32m200 [0m1.334 ms - -[0m
[0mPOST /getdepartmentinfo [32m200 [0m1.011 ms - -[0m
[0mPOST /getstudentsinfo [32m200 [0m1.914 ms - -[0m
[0mPOST /getclassinfo [32m200 [0m1.040 ms - -[0m
[0mPOST /getteachersinfo [32m200 [0m1.648 ms - -[0m
[0mPOST /getdepartmentinfo [32m200 [0m1.632 ms - -[0m
[0mPOST /getteachersinfo [32m200 [0m1.174 ms - -[0m
[0mPOST /getcourse [32m200 [0m2.201 ms - -[0m
[0mPOST /addnewcourse [32m200 [0m3.506 ms - -[0m
[0mPOST /getcourse [32m200 [0m1.075 ms - -[0m
[0mPOST /getstucourse [32m200 [0m2.121 ms - -[0m
[0mPOST /getstudentsinfo [32m200 [0m2.330 ms - -[0m
[0mPOST /getteachcourse [32m200 [0m1.737 ms - -[0m
[0mPOST /getcourse [32m200 [0m1.014 ms - -[0m
[0mPOST /getteachersinfo [32m200 [0m1.138 ms - -[0m
[0mPOST /login [32m200 [0m1.213 ms - -[0m
[0mPOST /resetpass [32m200 [0m5.689 ms - -[0m
[0mPOST /login [32m200 [0m1.114 ms - -[0m
[0mPOST /getuserinfo [32m200 [0m1.453 ms - -[0m
[0mPOST /getstucourse [32m200 [0m1.185 ms - -[0m
[0mPOST /getoptioncourse [32m200 [0m1.589 ms - -[0m
[0mPOST /addstucourse [32m200 [0m3.683 ms - -[0m
[0mPOST /getstucourse [32m200 [0m2.971 ms - -[0m
[0mPOST /getstucourse [32m200 [0m1.295 ms - -[0m
[0mPOST /getstudentsinfo [32m200 [0m1.132 ms - -[0m
[0mPOST /login [32m200 [0m1.239 ms - -[0m
[0mPOST /resetpass [32m200 [0m3.854 ms - -[0m
[0mPOST /login [32m200 [0m1.179 ms - -[0m
[0mPOST /getuserinfo [32m200 [0m1.798 ms - -[0m
[0mPOST /getstucourse [32m200 [0m1.265 ms - -[0m
[0mPOST /getstudentsinfo [32m200 [0m1.277 ms - -[0m
[0mPOST /getteachcourse [32m200 [0m1.320 ms - -[0m
[0mPOST /getstucourse [32m200 [0m1.790 ms - -[0m
[0mPOST /getstudentsinfo [32m200 [0m1.911 ms - -[0m
[0mPOST /getstudentsinfo [32m200 [0m1.141 ms - -[0m
[0mPOST /getdepartmentinfo [32m200 [0m1.011 ms - -[0m
[0mPOST /getclassinfo [32m200 [0m1.172 ms - -[0m
[0mPOST /login [32m200 [0m1.281 ms - -[0m
[0mPOST /resetpass [32m200 [0m5.344 ms - -[0m
[0mPOST /login [32m200 [0m1.421 ms - -[0m
[0mPOST /getuserinfo [32m200 [0m1.514 ms - -[0m
[0mPOST /getteachcourse [32m200 [0m1.356 ms - -[0m
[0mPOST /getstucourse [32m200 [0m1.230 ms - -[0m
[0mPOST /getstudentsinfo [32m200 [0m1.140 ms - -[0m
[0mPOST /addstuscore [32m200 [0m5.091 ms - -[0m
[0mPOST /getstucourse [32m200 [0m1.241 ms - -[0m
[0mPOST /getteachcourse [32m200 [0m1.465 ms - -[0m
[0mPOST /login [32m200 [0m1.108 ms - -[0m
[0mPOST /getuserinfo [32m200 [0m1.089 ms - -[0m
[0mPOST /getdepartmentinfo [32m200 [0m1.067 ms - -[0m
[0mPOST /getteachersinfo [32m200 [0m1.697 ms - -[0m
[0mPOST /getdepartmentinfo [32m200 [0m1.026 ms - -[0m
[0mPOST /getteachersinfo [32m200 [0m1.185 ms - -[0m
[0mPOST /getclassinfo [32m200 [0m1.073 ms - -[0m
[0mPOST /addnewclass [32m200 [0m5.342 ms - -[0m
[0mPOST /getclassinfo [32m200 [0m1.187 ms - -[0m
[0mPOST /getdepartmentinfo [32m200 [0m1.043 ms - -[0m
[0mPOST /getteachersinfo [32m200 [0m1.192 ms - -[0m
[0mPOST /getdepartmentinfo [32m200 [0m1.021 ms - -[0m
[0mPOST /getstudentsinfo [32m200 [0m1.938 ms - -[0m
[0mPOST /getclassinfo [32m200 [0m1.057 ms - -[0m
[0mPOST /getdepartmentinfo [32m200 [0m1.584 ms - -[0m
[0mPOST /getteachersinfo [32m200 [0m1.717 ms - -[0m
[0mPOST /getstudentsinfo [32m200 [0m2.562 ms - -[0m
[0mPOST /getclassinfo [32m200 [0m1.802 ms - -[0m
[0mPOST /getdepartmentinfo [32m200 [0m1.059 ms - -[0m
[0mPOST /addnewstudent [32m200 [0m5.957 ms - -[0m
[0mPOST /getstudentsinfo [32m200 [0m1.520 ms - -[0m
[0mPOST /login [32m200 [0m1.709 ms - -[0m
[0mPOST /resetpass [32m200 [0m3.819 ms - -[0m
[0mPOST /login [32m200 [0m1.120 ms - -[0m
[0mPOST /getuserinfo [32m200 [0m1.637 ms - -[0m
[0mPOST /login [32m200 [0m1.113 ms - -[0m
[0mPOST /resetpass [32m200 [0m7.603 ms - -[0m
[0mPOST /login [32m200 [0m1.192 ms - -[0m
[0mPOST /getuserinfo [32m200 [0m1.844 ms - -[0m
[0mPOST /login [32m200 [0m1.197 ms - -[0m
[0mPOST /resetpass [32m200 [0m3.493 ms - -[0m
[0mPOST /login [32m200 [0m1.179 ms - -[0m
[0mPOST /getuserinfo [32m200 [0m1.538 ms - -[0m
[0mPOST /login [32m200 [0m1.246 ms - -[0m
[0mPOST /getuserinfo [32m200 [0m1.232 ms - -[0m
[0mPOST /getadminsinfo [32m200 [0m1.044 ms - -[0m
[0mPOST /getteachersinfo [32m200 [0m1.045 ms - -[0m
[0mPOST /getdepartmentinfo [32m200 [0m1.261 ms - -[0m
[0mPOST /getdepartmentinfo [32m200 [0m0.994 ms - -[0m
[0mPOST /getstudentsinfo [32m200 [0m1.215 ms - -[0m
[0mPOST /getclassinfo [32m200 [0m1.357 ms - -[0m
[0mPOST /getdepartmentinfo [32m200 [0m1.576 ms - -[0m
[0mPOST /getteachersinfo [32m200 [0m1.640 ms - -[0m
[0mPOST /getdepartmentinfo [32m200 [0m1.796 ms - -[0m
[0mPOST /getclassinfo [32m200 [0m1.861 ms - -[0m
[0mPOST /getteachersinfo [32m200 [0m2.059 ms - -[0m
[0mPOST /getteachersinfo [32m200 [0m1.484 ms - -[0m
[0mPOST /getcourse [32m200 [0m2.190 ms - -[0m
[0mPOST /getstudentsinfo [32m200 [0m1.594 ms - -[0m
[0mPOST /getstucourse [32m200 [0m2.184 ms - -[0m
[0mPOST /getteachcourse [32m200 [0m1.574 ms - -[0m
[0mPOST /getadminsinfo [32m200 [0m1.076 ms - -[0m
[0mPOST /getteachersinfo [32m200 [0m1.923 ms - -[0m
[0mPOST /getdepartmentinfo [32m200 [0m2.060 ms - -[0m
[0mPOST /getdepartmentinfo [32m200 [0m1.523 ms - -[0m
[0mPOST /getstudentsinfo [32m200 [0m1.325 ms - -[0m
[0mPOST /getclassinfo [32m200 [0m1.104 ms - -[0m
[0mPOST /getadminsinfo [32m200 [0m1.059 ms - -[0m
[0mPOST /login [32m200 [0m1.158 ms - -[0m
[0mPOST /getuserinfo [32m200 [0m1.015 ms - -[0m
[0mPOST /getadminsinfo [32m200 [0m1.005 ms - -[0m
[0mPOST /getteachersinfo [32m200 [0m1.050 ms - -[0m
[0mPOST /getdepartmentinfo [32m200 [0m1.705 ms - -[0m
[0mPOST /getdepartmentinfo [32m200 [0m1.448 ms - -[0m
[0mPOST /getstudentsinfo [32m200 [0m0.935 ms - -[0m
[0mPOST /getclassinfo [32m200 [0m0.844 ms - -[0m
[0mPOST /getdepartmentinfo [32m200 [0m2.739 ms - -[0m
[0mPOST /getteachersinfo [32m200 [0m1.007 ms - -[0m
[0mPOST /getclassinfo [32m200 [0m1.116 ms - -[0m
[0mPOST /getteachersinfo [32m200 [0m0.783 ms - -[0m
[0mPOST /getdepartmentinfo [32m200 [0m2.218 ms - -[0m
[0mPOST /getteachersinfo [32m200 [0m2.108 ms - -[0m
[0mPOST /getcourse [32m200 [0m0.868 ms - -[0m
[0mPOST /getstudentsinfo [32m200 [0m1.784 ms - -[0m
[0mPOST /getstucourse [32m200 [0m1.246 ms - -[0m
[0mPOST /getteachcourse [32m200 [0m1.136 ms - -[0m
[0mPOST /login [32m200 [0m1.002 ms - -[0m
[0mPOST /login [32m200 [0m1.056 ms - -[0m
[0mPOST /getuserinfo [32m200 [0m1.190 ms - -[0m
[0mPOST /getstucourse [32m200 [0m1.491 ms - -[0m
[0mPOST /getoptioncourse [32m200 [0m1.836 ms - -[0m
[0mPOST /getstucourse [32m200 [0m1.375 ms - -[0m
[0mPOST /getstudentsinfo [32m200 [0m1.060 ms - -[0m
[0mPOST /getstucourse [32m200 [0m1.124 ms - -[0m
[0mPOST /getoptioncourse [32m200 [0m0.882 ms - -[0m
[0mPOST /getstucourse [32m200 [0m1.389 ms - -[0m
[0mPOST /getstudentsinfo [32m200 [0m1.060 ms - -[0m
[0mPOST /login [32m200 [0m1.164 ms - -[0m
[0mPOST /getuserinfo [32m200 [0m1.459 ms - -[0m
[0mPOST /getstucourse [32m200 [0m1.195 ms - -[0m
[0mPOST /getstudentsinfo [32m200 [0m0.734 ms - -[0m
[0mPOST /getteachcourse [32m200 [0m1.146 ms - -[0m
[0mPOST /getstucourse [32m200 [0m1.090 ms - -[0m
[0mPOST /getstudentsinfo [32m200 [0m0.783 ms - -[0m
[0mPOST /getteachcourse [32m200 [0m1.134 ms - -[0m
[0mPOST /getstudentsinfo [32m200 [0m1.467 ms - -[0m
[0mPOST /getstucourse [32m200 [0m1.507 ms - -[0m
[0mPOST /getteachcourse [32m200 [0m1.117 ms - -[0m
